2023-05-03 17:22:13,385 DEBUG scheduler Queued events for site wema
2023-05-03 17:22:13,627 INFO scheduler Scheduled Job Start: gch_custom.gch_task.cron for wema
2023-05-03 17:22:14,212 INFO scheduler Scheduled Job Complete: gch_custom.gch_task.cron for wema
2023-05-03 17:23:13,763 INFO scheduler Scheduled Job Start: gch_custom.gch_task.cron for wema
2023-05-03 17:23:13,978 DEBUG scheduler Queued events for site wema
2023-05-03 17:23:14,201 INFO scheduler Scheduled Job Complete: gch_custom.gch_task.cron for wema
2023-05-03 17:24:14,229 INFO scheduler Scheduled Job Start: gch_custom.tasks.all for wema
2023-05-03 17:24:14,420 INFO scheduler Scheduled Job Failed: gch_custom.tasks.all for wema
2023-05-03 17:24:14,421 DEBUG scheduler Queued events for site wema
2023-05-03 17:24:14,506 INFO scheduler Scheduled Job Start: gch_custom.gch_task.cron for wema
2023-05-03 17:24:14,786 INFO scheduler Scheduled Job Complete: gch_custom.gch_task.cron for wema
2023-05-03 17:24:14,911 INFO scheduler Scheduled Job Start: erpnext.crm.doctype.social_media_post.social_media_post.process_scheduled_social_media_posts for wema
2023-05-03 17:24:15,144 INFO scheduler Scheduled Job Complete: erpnext.crm.doctype.social_media_post.social_media_post.process_scheduled_social_media_posts for wema
2023-05-03 17:24:15,222 INFO scheduler Scheduled Job Start: erpnext.hr.doctype.interview.interview.send_interview_reminder for wema
2023-05-03 17:24:15,472 INFO scheduler Scheduled Job Complete: erpnext.hr.doctype.interview.interview.send_interview_reminder for wema
2023-05-03 17:24:15,559 INFO scheduler Scheduled Job Start: erpnext.healthcare.doctype.patient_appointment.patient_appointment.send_appointment_reminder for wema
2023-05-03 17:24:15,784 INFO scheduler Scheduled Job Complete: erpnext.healthcare.doctype.patient_appointment.patient_appointment.send_appointment_reminder for wema
2023-05-03 17:24:15,854 INFO scheduler Scheduled Job Start: erpnext.projects.doctype.project.project.project_status_update_reminder for wema
2023-05-03 17:24:16,130 INFO scheduler Scheduled Job Complete: erpnext.projects.doctype.project.project.project_status_update_reminder for wema
2023-05-03 17:24:16,216 INFO scheduler Scheduled Job Start: frappe.monitor.flush for wema
2023-05-03 17:24:16,376 INFO scheduler Scheduled Job Complete: frappe.monitor.flush for wema
2023-05-03 17:24:16,458 INFO scheduler Scheduled Job Start: frappe.utils.global_search.sync_global_search for wema
2023-05-03 17:24:16,616 INFO scheduler Scheduled Job Complete: frappe.utils.global_search.sync_global_search for wema
2023-05-03 17:24:16,710 INFO scheduler Scheduled Job Start: frappe.integrations.doctype.razorpay_settings.razorpay_settings.capture_payment for wema
2023-05-03 17:24:16,923 INFO scheduler Scheduled Job Complete: frappe.integrations.doctype.razorpay_settings.razorpay_settings.capture_payment for wema
2023-05-03 17:24:17,006 INFO scheduler Scheduled Job Start: frappe.email.doctype.email_account.email_account.notify_unreplied for wema
2023-05-03 17:24:17,289 INFO scheduler Scheduled Job Complete: frappe.email.doctype.email_account.email_account.notify_unreplied for wema
2023-05-03 17:24:17,363 INFO scheduler Scheduled Job Start: frappe.email.doctype.email_account.email_account.pull for wema
2023-05-03 17:24:17,653 INFO scheduler Scheduled Job Complete: frappe.email.doctype.email_account.email_account.pull for wema
2023-05-03 17:24:17,739 INFO scheduler Scheduled Job Start: frappe.email.queue.flush for wema
2023-05-03 17:24:17,906 INFO scheduler Scheduled Job Complete: frappe.email.queue.flush for wema
2023-05-03 17:25:14,643 INFO scheduler Scheduled Job Start: gch_custom.gch_task.cron for wema
2023-05-03 17:25:14,733 DEBUG scheduler Queued events for site wema
2023-05-03 17:25:14,942 INFO scheduler Scheduled Job Complete: gch_custom.gch_task.cron for wema
2023-05-03 17:25:15,042 INFO scheduler Scheduled Job Start: erpnext.manufacturing.doctype.bom_update_log.bom_update_log.resume_bom_cost_update_jobs for wema
2023-05-03 17:25:15,288 INFO scheduler Scheduled Job Complete: erpnext.manufacturing.doctype.bom_update_log.bom_update_log.resume_bom_cost_update_jobs for wema
2023-05-03 17:26:14,925 INFO scheduler Scheduled Job Start: gch_custom.gch_task.cron for wema
2023-05-03 17:26:15,044 DEBUG scheduler Queued events for site wema
2023-05-03 17:26:15,185 INFO scheduler Scheduled Job Complete: gch_custom.gch_task.cron for wema
2023-05-03 17:27:15,272 INFO scheduler Scheduled Job Start: gch_custom.gch_task.cron for wema
2023-05-03 17:27:15,393 DEBUG scheduler Queued events for site wema
2023-05-03 17:27:15,609 INFO scheduler Scheduled Job Complete: gch_custom.gch_task.cron for wema
2023-05-03 17:28:15,630 INFO scheduler Scheduled Job Start: gch_custom.tasks.all for wema
2023-05-03 17:28:15,857 DEBUG scheduler Queued events for site wema
2023-05-03 17:28:15,883 INFO scheduler Scheduled Job Failed: gch_custom.tasks.all for wema
2023-05-03 17:28:16,062 INFO scheduler Scheduled Job Start: gch_custom.gch_task.cron for wema
2023-05-03 17:28:16,413 INFO scheduler Scheduled Job Complete: gch_custom.gch_task.cron for wema
2023-05-03 17:28:16,534 INFO scheduler Scheduled Job Start: erpnext.crm.doctype.social_media_post.social_media_post.process_scheduled_social_media_posts for wema
2023-05-03 17:28:16,811 INFO scheduler Scheduled Job Complete: erpnext.crm.doctype.social_media_post.social_media_post.process_scheduled_social_media_posts for wema
2023-05-03 17:28:16,896 INFO scheduler Scheduled Job Start: erpnext.hr.doctype.interview.interview.send_interview_reminder for wema
2023-05-03 17:28:17,132 INFO scheduler Scheduled Job Complete: erpnext.hr.doctype.interview.interview.send_interview_reminder for wema
2023-05-03 17:28:17,227 INFO scheduler Scheduled Job Start: erpnext.healthcare.doctype.patient_appointment.patient_appointment.send_appointment_reminder for wema
2023-05-03 17:28:17,473 INFO scheduler Scheduled Job Complete: erpnext.healthcare.doctype.patient_appointment.patient_appointment.send_appointment_reminder for wema
2023-05-03 17:28:17,564 INFO scheduler Scheduled Job Start: erpnext.projects.doctype.project.project.project_status_update_reminder for wema
2023-05-03 17:28:18,010 INFO scheduler Scheduled Job Complete: erpnext.projects.doctype.project.project.project_status_update_reminder for wema
2023-05-03 17:28:18,092 INFO scheduler Scheduled Job Start: frappe.monitor.flush for wema
2023-05-03 17:28:18,261 INFO scheduler Scheduled Job Complete: frappe.monitor.flush for wema
2023-05-03 17:28:18,351 INFO scheduler Scheduled Job Start: frappe.utils.global_search.sync_global_search for wema
2023-05-03 17:28:18,516 INFO scheduler Scheduled Job Complete: frappe.utils.global_search.sync_global_search for wema
2023-05-03 17:28:18,596 INFO scheduler Scheduled Job Start: frappe.integrations.doctype.razorpay_settings.razorpay_settings.capture_payment for wema
2023-05-03 17:28:18,838 INFO scheduler Scheduled Job Complete: frappe.integrations.doctype.razorpay_settings.razorpay_settings.capture_payment for wema
2023-05-03 17:28:18,929 INFO scheduler Scheduled Job Start: frappe.email.doctype.email_account.email_account.notify_unreplied for wema
2023-05-03 17:28:19,191 INFO scheduler Scheduled Job Complete: frappe.email.doctype.email_account.email_account.notify_unreplied for wema
2023-05-03 17:28:19,268 INFO scheduler Scheduled Job Start: frappe.email.doctype.email_account.email_account.pull for wema
2023-05-03 17:28:19,514 INFO scheduler Scheduled Job Complete: frappe.email.doctype.email_account.email_account.pull for wema
2023-05-03 17:28:19,593 INFO scheduler Scheduled Job Start: frappe.email.queue.flush for wema
2023-05-03 17:28:19,768 INFO scheduler Scheduled Job Complete: frappe.email.queue.flush for wema
2023-05-03 17:29:16,087 INFO scheduler Scheduled Job Start: gch_custom.gch_task.cron for wema
2023-05-03 17:29:16,258 DEBUG scheduler Queued events for site wema
2023-05-03 17:29:16,454 INFO scheduler Scheduled Job Complete: gch_custom.gch_task.cron for wema
2023-05-03 17:30:16,660 DEBUG scheduler Queued events for site wema
2023-05-03 17:30:16,698 INFO scheduler Scheduled Job Start: gch_custom.gch_task.cron for wema
2023-05-03 17:30:17,456 INFO scheduler Scheduled Job Complete: gch_custom.gch_task.cron for wema
2023-05-03 17:30:17,591 INFO scheduler Scheduled Job Start: erpnext.accounts.doctype.gl_entry.gl_entry.rename_gle_sle_docs for wema
2023-05-03 17:30:18,152 INFO scheduler Scheduled Job Complete: erpnext.accounts.doctype.gl_entry.gl_entry.rename_gle_sle_docs for wema
2023-05-03 17:30:18,249 INFO scheduler Scheduled Job Start: erpnext.utilities.doctype.video.video.update_youtube_data for wema
2023-05-03 17:30:18,876 INFO scheduler Scheduled Job Complete: erpnext.utilities.doctype.video.video.update_youtube_data for wema
2023-05-03 17:30:18,979 INFO scheduler Scheduled Job Start: erpnext.manufacturing.doctype.bom_update_log.bom_update_log.resume_bom_cost_update_jobs for wema
2023-05-03 17:30:19,290 INFO scheduler Scheduled Job Complete: erpnext.manufacturing.doctype.bom_update_log.bom_update_log.resume_bom_cost_update_jobs for wema
2023-05-03 17:30:19,442 INFO scheduler Scheduled Job Start: frappe.twofactor.delete_all_barcodes_for_users for wema
2023-05-03 17:30:19,864 INFO scheduler Scheduled Job Complete: frappe.twofactor.delete_all_barcodes_for_users for wema
2023-05-03 17:30:19,971 INFO scheduler Scheduled Job Start: frappe.website.doctype.web_page.web_page.check_publish_status for wema
2023-05-03 17:30:20,445 INFO scheduler Scheduled Job Complete: frappe.website.doctype.web_page.web_page.check_publish_status for wema
2023-05-03 17:30:20,551 INFO scheduler Scheduled Job Start: frappe.oauth.delete_oauth2_data for wema
2023-05-03 17:30:20,879 INFO scheduler Scheduled Job Complete: frappe.oauth.delete_oauth2_data for wema
2023-05-03 17:31:16,897 INFO scheduler Scheduled Job Start: gch_custom.gch_task.cron for wema
2023-05-03 17:31:17,047 DEBUG scheduler Queued events for site wema
2023-05-03 17:31:17,192 INFO scheduler Scheduled Job Complete: gch_custom.gch_task.cron for wema
2023-05-03 17:32:17,282 INFO scheduler Scheduled Job Start: gch_custom.tasks.all for wema
2023-05-03 17:32:17,486 INFO scheduler Scheduled Job Failed: gch_custom.tasks.all for wema
2023-05-03 17:32:17,526 DEBUG scheduler Queued events for site wema
2023-05-03 17:32:17,586 INFO scheduler Scheduled Job Start: gch_custom.gch_task.cron for wema
2023-05-03 17:32:17,854 INFO scheduler Scheduled Job Complete: gch_custom.gch_task.cron for wema
2023-05-03 17:32:17,983 INFO scheduler Scheduled Job Start: erpnext.crm.doctype.social_media_post.social_media_post.process_scheduled_social_media_posts for wema
2023-05-03 17:32:18,238 INFO scheduler Scheduled Job Complete: erpnext.crm.doctype.social_media_post.social_media_post.process_scheduled_social_media_posts for wema
2023-05-03 17:32:18,323 INFO scheduler Scheduled Job Start: erpnext.hr.doctype.interview.interview.send_interview_reminder for wema
2023-05-03 17:32:18,633 INFO scheduler Scheduled Job Complete: erpnext.hr.doctype.interview.interview.send_interview_reminder for wema
2023-05-03 17:32:18,706 INFO scheduler Scheduled Job Start: erpnext.healthcare.doctype.patient_appointment.patient_appointment.send_appointment_reminder for wema
2023-05-03 17:32:19,044 INFO scheduler Scheduled Job Complete: erpnext.healthcare.doctype.patient_appointment.patient_appointment.send_appointment_reminder for wema
2023-05-03 17:32:19,137 INFO scheduler Scheduled Job Start: erpnext.projects.doctype.project.project.project_status_update_reminder for wema
2023-05-03 17:32:19,604 INFO scheduler Scheduled Job Complete: erpnext.projects.doctype.project.project.project_status_update_reminder for wema
2023-05-03 17:32:19,690 INFO scheduler Scheduled Job Start: frappe.monitor.flush for wema
2023-05-03 17:32:19,905 INFO scheduler Scheduled Job Complete: frappe.monitor.flush for wema
2023-05-03 17:32:19,998 INFO scheduler Scheduled Job Start: frappe.utils.global_search.sync_global_search for wema
2023-05-03 17:32:20,175 INFO scheduler Scheduled Job Complete: frappe.utils.global_search.sync_global_search for wema
2023-05-03 17:32:20,261 INFO scheduler Scheduled Job Start: frappe.integrations.doctype.razorpay_settings.razorpay_settings.capture_payment for wema
2023-05-03 17:32:20,507 INFO scheduler Scheduled Job Complete: frappe.integrations.doctype.razorpay_settings.razorpay_settings.capture_payment for wema
2023-05-03 17:32:20,600 INFO scheduler Scheduled Job Start: frappe.email.doctype.email_account.email_account.notify_unreplied for wema
2023-05-03 17:32:20,905 INFO scheduler Scheduled Job Complete: frappe.email.doctype.email_account.email_account.notify_unreplied for wema
2023-05-03 17:32:20,976 INFO scheduler Scheduled Job Start: frappe.email.doctype.email_account.email_account.pull for wema
2023-05-03 17:32:21,213 INFO scheduler Scheduled Job Complete: frappe.email.doctype.email_account.email_account.pull for wema
2023-05-03 17:32:21,291 INFO scheduler Scheduled Job Start: frappe.email.queue.flush for wema
2023-05-03 17:32:21,478 INFO scheduler Scheduled Job Complete: frappe.email.queue.flush for wema
2023-05-03 17:33:17,871 DEBUG scheduler Queued events for site wema
2023-05-03 17:33:18,002 INFO scheduler Scheduled Job Start: gch_custom.gch_task.cron for wema
2023-05-03 17:33:18,830 INFO scheduler Scheduled Job Complete: gch_custom.gch_task.cron for wema
2023-05-03 17:34:18,186 INFO scheduler Scheduled Job Start: gch_custom.gch_task.cron for wema
2023-05-03 17:34:18,222 DEBUG scheduler Queued events for site wema
2023-05-03 17:34:18,900 INFO scheduler Scheduled Job Complete: gch_custom.gch_task.cron for wema
2023-05-03 17:35:18,422 INFO scheduler Scheduled Job Start: gch_custom.gch_task.cron for wema
2023-05-03 17:35:18,509 DEBUG scheduler Queued events for site wema
2023-05-03 17:35:18,712 INFO scheduler Scheduled Job Complete: gch_custom.gch_task.cron for wema
2023-05-03 17:35:18,864 INFO scheduler Scheduled Job Start: erpnext.manufacturing.doctype.bom_update_log.bom_update_log.resume_bom_cost_update_jobs for wema
2023-05-03 17:35:19,154 INFO scheduler Scheduled Job Complete: erpnext.manufacturing.doctype.bom_update_log.bom_update_log.resume_bom_cost_update_jobs for wema
2023-05-03 17:36:18,711 INFO scheduler Scheduled Job Start: gch_custom.tasks.all for wema
2023-05-03 17:36:18,925 INFO scheduler Scheduled Job Failed: gch_custom.tasks.all for wema
2023-05-03 17:36:18,927 DEBUG scheduler Queued events for site wema
2023-05-03 17:36:19,009 INFO scheduler Scheduled Job Start: gch_custom.gch_task.cron for wema
2023-05-03 17:36:19,240 INFO scheduler Scheduled Job Complete: gch_custom.gch_task.cron for wema
2023-05-03 17:36:19,365 INFO scheduler Scheduled Job Start: erpnext.crm.doctype.social_media_post.social_media_post.process_scheduled_social_media_posts for wema
2023-05-03 17:36:19,604 INFO scheduler Scheduled Job Complete: erpnext.crm.doctype.social_media_post.social_media_post.process_scheduled_social_media_posts for wema
2023-05-03 17:36:19,672 INFO scheduler Scheduled Job Start: erpnext.hr.doctype.interview.interview.send_interview_reminder for wema
2023-05-03 17:36:19,993 INFO scheduler Scheduled Job Complete: erpnext.hr.doctype.interview.interview.send_interview_reminder for wema
2023-05-03 17:36:20,075 INFO scheduler Scheduled Job Start: erpnext.healthcare.doctype.patient_appointment.patient_appointment.send_appointment_reminder for wema
2023-05-03 17:36:20,339 INFO scheduler Scheduled Job Complete: erpnext.healthcare.doctype.patient_appointment.patient_appointment.send_appointment_reminder for wema
2023-05-03 17:36:20,423 INFO scheduler Scheduled Job Start: erpnext.projects.doctype.project.project.project_status_update_reminder for wema
2023-05-03 17:36:20,940 INFO scheduler Scheduled Job Complete: erpnext.projects.doctype.project.project.project_status_update_reminder for wema
2023-05-03 17:36:21,005 INFO scheduler Scheduled Job Start: frappe.monitor.flush for wema
2023-05-03 17:36:21,148 INFO scheduler Scheduled Job Complete: frappe.monitor.flush for wema
2023-05-03 17:36:21,232 INFO scheduler Scheduled Job Start: frappe.utils.global_search.sync_global_search for wema
2023-05-03 17:36:21,377 INFO scheduler Scheduled Job Complete: frappe.utils.global_search.sync_global_search for wema
2023-05-03 17:36:21,457 INFO scheduler Scheduled Job Start: frappe.integrations.doctype.razorpay_settings.razorpay_settings.capture_payment for wema
2023-05-03 17:36:21,669 INFO scheduler Scheduled Job Complete: frappe.integrations.doctype.razorpay_settings.razorpay_settings.capture_payment for wema
2023-05-03 17:36:21,733 INFO scheduler Scheduled Job Start: frappe.email.doctype.email_account.email_account.notify_unreplied for wema
2023-05-03 17:36:22,005 INFO scheduler Scheduled Job Complete: frappe.email.doctype.email_account.email_account.notify_unreplied for wema
2023-05-03 17:36:22,073 INFO scheduler Scheduled Job Start: frappe.email.doctype.email_account.email_account.pull for wema
2023-05-03 17:36:22,315 INFO scheduler Scheduled Job Complete: frappe.email.doctype.email_account.email_account.pull for wema
2023-05-03 17:36:22,375 INFO scheduler Scheduled Job Start: frappe.email.queue.flush for wema
2023-05-03 17:36:22,548 INFO scheduler Scheduled Job Complete: frappe.email.queue.flush for wema
2023-05-03 17:37:19,144 INFO scheduler Scheduled Job Start: gch_custom.gch_task.cron for wema
2023-05-03 17:37:19,230 DEBUG scheduler Queued events for site wema
2023-05-03 17:37:19,409 INFO scheduler Scheduled Job Complete: gch_custom.gch_task.cron for wema
2023-05-03 17:38:19,452 INFO scheduler Scheduled Job Start: gch_custom.gch_task.cron for wema
2023-05-03 17:38:19,547 DEBUG scheduler Queued events for site wema
2023-05-03 17:38:20,123 INFO scheduler Scheduled Job Complete: gch_custom.gch_task.cron for wema
2023-05-03 17:39:19,852 DEBUG scheduler Queued events for site wema
2023-05-03 17:39:19,977 INFO scheduler Scheduled Job Start: gch_custom.gch_task.cron for wema
2023-05-03 17:39:20,727 INFO scheduler Scheduled Job Complete: gch_custom.gch_task.cron for wema
2023-05-03 17:40:20,141 INFO scheduler Scheduled Job Start: gch_custom.tasks.all for wema
2023-05-03 17:40:20,234 DEBUG scheduler Queued events for site wema
2023-05-03 17:40:20,605 INFO scheduler Scheduled Job Failed: gch_custom.tasks.all for wema
2023-05-03 17:40:20,696 INFO scheduler Scheduled Job Start: gch_custom.gch_task.cron for wema
2023-05-03 17:40:20,967 INFO scheduler Scheduled Job Complete: gch_custom.gch_task.cron for wema
2023-05-03 17:40:21,087 INFO scheduler Scheduled Job Start: erpnext.crm.doctype.social_media_post.social_media_post.process_scheduled_social_media_posts for wema
2023-05-03 17:40:21,402 INFO scheduler Scheduled Job Complete: erpnext.crm.doctype.social_media_post.social_media_post.process_scheduled_social_media_posts for wema
2023-05-03 17:40:21,467 INFO scheduler Scheduled Job Start: erpnext.hr.doctype.interview.interview.send_interview_reminder for wema
2023-05-03 17:40:21,704 INFO scheduler Scheduled Job Complete: erpnext.hr.doctype.interview.interview.send_interview_reminder for wema
2023-05-03 17:40:21,784 INFO scheduler Scheduled Job Start: erpnext.healthcare.doctype.patient_appointment.patient_appointment.send_appointment_reminder for wema
2023-05-03 17:40:22,017 INFO scheduler Scheduled Job Complete: erpnext.healthcare.doctype.patient_appointment.patient_appointment.send_appointment_reminder for wema
2023-05-03 17:40:22,093 INFO scheduler Scheduled Job Start: erpnext.projects.doctype.project.project.project_status_update_reminder for wema
2023-05-03 17:40:22,826 INFO scheduler Scheduled Job Complete: erpnext.projects.doctype.project.project.project_status_update_reminder for wema
2023-05-03 17:40:22,895 INFO scheduler Scheduled Job Start: erpnext.manufacturing.doctype.bom_update_log.bom_update_log.resume_bom_cost_update_jobs for wema
2023-05-03 17:40:23,212 INFO scheduler Scheduled Job Complete: erpnext.manufacturing.doctype.bom_update_log.bom_update_log.resume_bom_cost_update_jobs for wema
2023-05-03 17:40:23,398 INFO scheduler Scheduled Job Start: frappe.monitor.flush for wema
2023-05-03 17:40:23,563 INFO scheduler Scheduled Job Complete: frappe.monitor.flush for wema
2023-05-03 17:40:23,631 INFO scheduler Scheduled Job Start: frappe.utils.global_search.sync_global_search for wema
2023-05-03 17:40:23,825 INFO scheduler Scheduled Job Complete: frappe.utils.global_search.sync_global_search for wema
2023-05-03 17:40:23,929 INFO scheduler Scheduled Job Start: frappe.integrations.doctype.razorpay_settings.razorpay_settings.capture_payment for wema
2023-05-03 17:40:24,147 INFO scheduler Scheduled Job Complete: frappe.integrations.doctype.razorpay_settings.razorpay_settings.capture_payment for wema
2023-05-03 17:40:24,221 INFO scheduler Scheduled Job Start: frappe.email.doctype.email_account.email_account.notify_unreplied for wema
2023-05-03 17:40:24,591 INFO scheduler Scheduled Job Complete: frappe.email.doctype.email_account.email_account.notify_unreplied for wema
2023-05-03 17:40:24,655 INFO scheduler Scheduled Job Start: frappe.email.doctype.email_account.email_account.pull for wema
2023-05-03 17:40:24,888 INFO scheduler Scheduled Job Complete: frappe.email.doctype.email_account.email_account.pull for wema
2023-05-03 17:40:24,956 INFO scheduler Scheduled Job Start: frappe.email.queue.flush for wema
2023-05-03 17:40:25,121 INFO scheduler Scheduled Job Complete: frappe.email.queue.flush for wema
2023-05-03 17:41:20,550 INFO scheduler Scheduled Job Start: gch_custom.gch_task.cron for wema
2023-05-03 17:41:20,629 DEBUG scheduler Queued events for site wema
2023-05-03 17:41:20,894 INFO scheduler Scheduled Job Complete: gch_custom.gch_task.cron for wema
2023-05-03 17:42:20,820 INFO scheduler Scheduled Job Start: gch_custom.gch_task.cron for wema
2023-05-03 17:42:20,918 DEBUG scheduler Queued events for site wema
2023-05-03 17:42:21,085 INFO scheduler Scheduled Job Complete: gch_custom.gch_task.cron for wema
2023-05-03 17:43:21,251 INFO scheduler Scheduled Job Start: gch_custom.gch_task.cron for wema
2023-05-03 17:43:21,352 DEBUG scheduler Queued events for site wema
2023-05-03 17:43:21,913 INFO scheduler Scheduled Job Complete: gch_custom.gch_task.cron for wema
2023-05-03 17:44:21,679 INFO scheduler Scheduled Job Start: gch_custom.tasks.all for wema
2023-05-03 17:44:21,850 DEBUG scheduler Queued events for site wema
2023-05-03 17:44:22,303 INFO scheduler Scheduled Job Failed: gch_custom.tasks.all for wema
2023-05-03 17:44:22,365 INFO scheduler Scheduled Job Start: gch_custom.gch_task.cron for wema
2023-05-03 17:44:22,826 INFO scheduler Scheduled Job Complete: gch_custom.gch_task.cron for wema
2023-05-03 17:44:22,928 INFO scheduler Scheduled Job Start: erpnext.crm.doctype.social_media_post.social_media_post.process_scheduled_social_media_posts for wema
2023-05-03 17:44:23,239 INFO scheduler Scheduled Job Complete: erpnext.crm.doctype.social_media_post.social_media_post.process_scheduled_social_media_posts for wema
2023-05-03 17:44:23,305 INFO scheduler Scheduled Job Start: erpnext.hr.doctype.interview.interview.send_interview_reminder for wema
2023-05-03 17:44:23,660 INFO scheduler Scheduled Job Complete: erpnext.hr.doctype.interview.interview.send_interview_reminder for wema
2023-05-03 17:44:23,726 INFO scheduler Scheduled Job Start: erpnext.healthcare.doctype.patient_appointment.patient_appointment.send_appointment_reminder for wema
2023-05-03 17:44:24,174 INFO scheduler Scheduled Job Complete: erpnext.healthcare.doctype.patient_appointment.patient_appointment.send_appointment_reminder for wema
2023-05-03 17:44:24,248 INFO scheduler Scheduled Job Start: erpnext.projects.doctype.project.project.project_status_update_reminder for wema
2023-05-03 17:44:24,891 INFO scheduler Scheduled Job Complete: erpnext.projects.doctype.project.project.project_status_update_reminder for wema
2023-05-03 17:44:24,965 INFO scheduler Scheduled Job Start: frappe.monitor.flush for wema
2023-05-03 17:44:25,319 INFO scheduler Scheduled Job Complete: frappe.monitor.flush for wema
2023-05-03 17:44:25,393 INFO scheduler Scheduled Job Start: frappe.utils.global_search.sync_global_search for wema
2023-05-03 17:44:25,756 INFO scheduler Scheduled Job Complete: frappe.utils.global_search.sync_global_search for wema
2023-05-03 17:44:25,830 INFO scheduler Scheduled Job Start: frappe.integrations.doctype.razorpay_settings.razorpay_settings.capture_payment for wema
2023-05-03 17:44:26,187 INFO scheduler Scheduled Job Complete: frappe.integrations.doctype.razorpay_settings.razorpay_settings.capture_payment for wema
2023-05-03 17:44:26,266 INFO scheduler Scheduled Job Start: frappe.email.doctype.email_account.email_account.notify_unreplied for wema
2023-05-03 17:44:26,753 INFO scheduler Scheduled Job Complete: frappe.email.doctype.email_account.email_account.notify_unreplied for wema
2023-05-03 17:44:26,835 INFO scheduler Scheduled Job Start: frappe.email.doctype.email_account.email_account.pull for wema
2023-05-03 17:44:27,068 INFO scheduler Scheduled Job Complete: frappe.email.doctype.email_account.email_account.pull for wema
2023-05-03 17:44:27,131 INFO scheduler Scheduled Job Start: frappe.email.queue.flush for wema
2023-05-03 17:44:27,327 INFO scheduler Scheduled Job Complete: frappe.email.queue.flush for wema
2023-05-03 17:45:22,208 INFO scheduler Scheduled Job Start: gch_custom.gch_task.cron for wema
2023-05-03 17:45:22,345 DEBUG scheduler Queued events for site wema
2023-05-03 17:45:22,623 INFO scheduler Scheduled Job Complete: gch_custom.gch_task.cron for wema
2023-05-03 17:45:22,809 INFO scheduler Scheduled Job Start: erpnext.manufacturing.doctype.bom_update_log.bom_update_log.resume_bom_cost_update_jobs for wema
2023-05-03 17:45:23,281 INFO scheduler Scheduled Job Complete: erpnext.manufacturing.doctype.bom_update_log.bom_update_log.resume_bom_cost_update_jobs for wema
2023-05-03 17:45:23,394 INFO scheduler Scheduled Job Start: frappe.twofactor.delete_all_barcodes_for_users for wema
2023-05-03 17:45:23,730 INFO scheduler Scheduled Job Complete: frappe.twofactor.delete_all_barcodes_for_users for wema
2023-05-03 17:45:23,832 INFO scheduler Scheduled Job Start: frappe.website.doctype.web_page.web_page.check_publish_status for wema
2023-05-03 17:45:24,267 INFO scheduler Scheduled Job Complete: frappe.website.doctype.web_page.web_page.check_publish_status for wema
2023-05-03 17:45:24,506 INFO scheduler Scheduled Job Start: frappe.oauth.delete_oauth2_data for wema
2023-05-03 17:45:25,040 INFO scheduler Scheduled Job Complete: frappe.oauth.delete_oauth2_data for wema
2023-05-03 17:46:22,646 DEBUG scheduler Queued events for site wema
2023-05-03 17:46:22,655 INFO scheduler Scheduled Job Start: gch_custom.gch_task.cron for wema
2023-05-03 17:46:22,917 INFO scheduler Scheduled Job Complete: gch_custom.gch_task.cron for wema
2023-05-03 17:57:56,261 INFO scheduler Scheduled Job Start: gch_custom.tasks.all for wema
2023-05-03 17:57:56,308 DEBUG scheduler Queued events for site wema
2023-05-03 17:57:57,388 INFO scheduler Scheduled Job Failed: gch_custom.tasks.all for wema
2023-05-03 17:57:57,467 INFO scheduler Scheduled Job Start: gch_custom.gch_task.cron for wema
2023-05-03 17:57:58,151 INFO scheduler Scheduled Job Complete: gch_custom.gch_task.cron for wema
2023-05-03 17:57:58,293 INFO scheduler Scheduled Job Start: erpnext.crm.doctype.social_media_post.social_media_post.process_scheduled_social_media_posts for wema
2023-05-03 17:57:58,757 INFO scheduler Scheduled Job Complete: erpnext.crm.doctype.social_media_post.social_media_post.process_scheduled_social_media_posts for wema
2023-05-03 17:57:58,828 INFO scheduler Scheduled Job Start: erpnext.hr.doctype.interview.interview.send_interview_reminder for wema
2023-05-03 17:57:59,190 INFO scheduler Scheduled Job Complete: erpnext.hr.doctype.interview.interview.send_interview_reminder for wema
2023-05-03 17:57:59,257 INFO scheduler Scheduled Job Start: erpnext.healthcare.doctype.patient_appointment.patient_appointment.send_appointment_reminder for wema
2023-05-03 17:57:59,734 INFO scheduler Scheduled Job Complete: erpnext.healthcare.doctype.patient_appointment.patient_appointment.send_appointment_reminder for wema
2023-05-03 17:57:59,825 INFO scheduler Scheduled Job Start: erpnext.projects.doctype.project.project.project_status_update_reminder for wema
2023-05-03 17:58:00,749 INFO scheduler Scheduled Job Complete: erpnext.projects.doctype.project.project.project_status_update_reminder for wema
2023-05-03 17:58:00,815 INFO scheduler Scheduled Job Start: erpnext.manufacturing.doctype.bom_update_log.bom_update_log.resume_bom_cost_update_jobs for wema
2023-05-03 17:58:01,152 INFO scheduler Scheduled Job Complete: erpnext.manufacturing.doctype.bom_update_log.bom_update_log.resume_bom_cost_update_jobs for wema
2023-05-03 17:58:01,260 INFO scheduler Scheduled Job Start: frappe.monitor.flush for wema
2023-05-03 17:58:01,423 INFO scheduler Scheduled Job Complete: frappe.monitor.flush for wema
2023-05-03 17:58:01,501 INFO scheduler Scheduled Job Start: frappe.utils.global_search.sync_global_search for wema
2023-05-03 17:58:01,659 INFO scheduler Scheduled Job Complete: frappe.utils.global_search.sync_global_search for wema
2023-05-03 17:58:01,753 INFO scheduler Scheduled Job Start: frappe.integrations.doctype.razorpay_settings.razorpay_settings.capture_payment for wema
2023-05-03 17:58:02,112 INFO scheduler Scheduled Job Complete: frappe.integrations.doctype.razorpay_settings.razorpay_settings.capture_payment for wema
2023-05-03 17:58:02,179 INFO scheduler Scheduled Job Start: frappe.email.doctype.email_account.email_account.notify_unreplied for wema
2023-05-03 17:58:02,614 INFO scheduler Scheduled Job Complete: frappe.email.doctype.email_account.email_account.notify_unreplied for wema
2023-05-03 17:58:02,688 INFO scheduler Scheduled Job Start: frappe.email.doctype.email_account.email_account.pull for wema
2023-05-03 17:58:02,924 INFO scheduler Scheduled Job Complete: frappe.email.doctype.email_account.email_account.pull for wema
2023-05-03 17:58:02,988 INFO scheduler Scheduled Job Start: frappe.email.queue.flush for wema
2023-05-03 17:58:03,155 INFO scheduler Scheduled Job Complete: frappe.email.queue.flush for wema
2023-05-03 17:58:56,548 INFO scheduler Scheduled Job Start: gch_custom.gch_task.cron for wema
2023-05-03 17:58:56,701 DEBUG scheduler Queued events for site wema
2023-05-03 17:58:56,880 INFO scheduler Scheduled Job Complete: gch_custom.gch_task.cron for wema
2023-05-03 17:59:56,918 INFO scheduler Scheduled Job Start: gch_custom.gch_task.cron for wema
2023-05-03 17:59:57,018 DEBUG scheduler Queued events for site wema
2023-05-03 17:59:57,199 INFO scheduler Scheduled Job Complete: gch_custom.gch_task.cron for wema
2023-05-03 18:00:57,238 INFO scheduler Scheduled Job Start: gch_custom.tasks.hourly for wema
2023-05-03 18:00:57,591 INFO scheduler Scheduled Job Failed: gch_custom.tasks.hourly for wema
2023-05-03 18:00:57,618 DEBUG scheduler Queued events for site wema
2023-05-03 18:00:57,688 INFO scheduler Scheduled Job Start: gch_custom.tasks.all for wema
2023-05-03 18:00:57,839 INFO scheduler Scheduled Job Failed: gch_custom.tasks.all for wema
2023-05-03 18:00:57,946 INFO scheduler Scheduled Job Start: gch_custom.gch_task.cron for wema
2023-05-03 18:00:58,209 INFO scheduler Scheduled Job Complete: gch_custom.gch_task.cron for wema
2023-05-03 18:00:58,358 INFO scheduler Scheduled Job Start: erpnext.erpnext_integrations.connectors.shopify_connection.sync_old_orders for wema
2023-05-03 18:00:59,236 INFO scheduler Scheduled Job Complete: erpnext.erpnext_integrations.connectors.shopify_connection.sync_old_orders for wema
2023-05-03 18:00:59,363 INFO scheduler Scheduled Job Start: erpnext.support.doctype.issue.issue.set_service_level_agreement_variance for wema
2023-05-03 18:00:59,781 INFO scheduler Scheduled Job Complete: erpnext.support.doctype.issue.issue.set_service_level_agreement_variance for wema
2023-05-03 18:00:59,884 INFO scheduler Scheduled Job Start: erpnext.projects.doctype.project.project.collect_project_status for wema
2023-05-03 18:01:00,267 INFO scheduler Scheduled Job Complete: erpnext.projects.doctype.project.project.collect_project_status for wema
2023-05-03 18:01:00,371 INFO scheduler Scheduled Job Start: erpnext.projects.doctype.project.project.hourly_reminder for wema
2023-05-03 18:01:00,743 INFO scheduler Scheduled Job Complete: erpnext.projects.doctype.project.project.hourly_reminder for wema
2023-05-03 18:01:00,842 INFO scheduler Scheduled Job Start: erpnext.erpnext_integrations.doctype.plaid_settings.plaid_settings.automatic_synchronization for wema
2023-05-03 18:01:01,340 INFO scheduler Scheduled Job Complete: erpnext.erpnext_integrations.doctype.plaid_settings.plaid_settings.automatic_synchronization for wema
2023-05-03 18:01:01,460 INFO scheduler Scheduled Job Start: erpnext.erpnext_integrations.doctype.amazon_mws_settings.amazon_mws_settings.schedule_get_order_details for wema
2023-05-03 18:01:01,845 INFO scheduler Scheduled Job Complete: erpnext.erpnext_integrations.doctype.amazon_mws_settings.amazon_mws_settings.schedule_get_order_details for wema
2023-05-03 18:01:01,940 INFO scheduler Scheduled Job Start: erpnext.hr.doctype.daily_work_summary_group.daily_work_summary_group.trigger_emails for wema
2023-05-03 18:01:02,252 INFO scheduler Scheduled Job Complete: erpnext.hr.doctype.daily_work_summary_group.daily_work_summary_group.trigger_emails for wema
2023-05-03 18:01:02,359 INFO scheduler Scheduled Job Start: erpnext.crm.doctype.social_media_post.social_media_post.process_scheduled_social_media_posts for wema
2023-05-03 18:01:02,544 INFO scheduler Scheduled Job Complete: erpnext.crm.doctype.social_media_post.social_media_post.process_scheduled_social_media_posts for wema
2023-05-03 18:01:02,617 INFO scheduler Scheduled Job Start: erpnext.hr.doctype.interview.interview.send_interview_reminder for wema
2023-05-03 18:01:02,859 INFO scheduler Scheduled Job Complete: erpnext.hr.doctype.interview.interview.send_interview_reminder for wema
2023-05-03 18:01:02,935 INFO scheduler Scheduled Job Start: erpnext.healthcare.doctype.patient_appointment.patient_appointment.send_appointment_reminder for wema
2023-05-03 18:01:03,118 INFO scheduler Scheduled Job Complete: erpnext.healthcare.doctype.patient_appointment.patient_appointment.send_appointment_reminder for wema
2023-05-03 18:01:03,187 INFO scheduler Scheduled Job Start: erpnext.projects.doctype.project.project.project_status_update_reminder for wema
2023-05-03 18:01:03,482 INFO scheduler Scheduled Job Complete: erpnext.projects.doctype.project.project.project_status_update_reminder for wema
2023-05-03 18:01:03,581 INFO scheduler Scheduled Job Start: erpnext.utilities.doctype.video.video.update_youtube_data for wema
2023-05-03 18:01:04,164 INFO scheduler Scheduled Job Complete: erpnext.utilities.doctype.video.video.update_youtube_data for wema
2023-05-03 18:01:04,279 INFO scheduler Scheduled Job Start: erpnext.manufacturing.doctype.bom_update_log.bom_update_log.resume_bom_cost_update_jobs for wema
2023-05-03 18:01:04,647 INFO scheduler Scheduled Job Complete: erpnext.manufacturing.doctype.bom_update_log.bom_update_log.resume_bom_cost_update_jobs for wema
2023-05-03 18:01:04,762 INFO scheduler Scheduled Job Start: frappe.email.doctype.newsletter.newsletter.send_scheduled_email for wema
2023-05-03 18:01:05,154 INFO scheduler Scheduled Job Complete: frappe.email.doctype.newsletter.newsletter.send_scheduled_email for wema
2023-05-03 18:01:05,261 INFO scheduler Scheduled Job Start: frappe.integrations.doctype.google_calendar.google_calendar.sync for wema
2023-05-03 18:01:05,921 INFO scheduler Scheduled Job Complete: frappe.integrations.doctype.google_calendar.google_calendar.sync for wema
2023-05-03 18:01:06,029 INFO scheduler Scheduled Job Start: frappe.desk.form.document_follow.send_hourly_updates for wema
2023-05-03 18:01:06,362 INFO scheduler Scheduled Job Complete: frappe.desk.form.document_follow.send_hourly_updates for wema
2023-05-03 18:01:06,462 INFO scheduler Scheduled Job Start: frappe.deferred_insert.save_to_db for wema
2023-05-03 18:01:06,712 INFO scheduler Scheduled Job Complete: frappe.deferred_insert.save_to_db for wema
2023-05-03 18:01:06,797 INFO scheduler Scheduled Job Start: frappe.desk.page.backups.backups.delete_downloadable_backups for wema
2023-05-03 18:01:07,069 INFO scheduler Scheduled Job Complete: frappe.desk.page.backups.backups.delete_downloadable_backups for wema
2023-05-03 18:01:07,207 INFO scheduler Scheduled Job Start: frappe.utils.error.collect_error_snapshots for wema
2023-05-03 18:01:07,532 INFO scheduler Scheduled Job Complete: frappe.utils.error.collect_error_snapshots for wema
2023-05-03 18:01:07,648 INFO scheduler Scheduled Job Start: frappe.model.utils.user_settings.sync_user_settings for wema
2023-05-03 18:01:07,887 INFO scheduler Scheduled Job Complete: frappe.model.utils.user_settings.sync_user_settings for wema
2023-05-03 18:01:08,029 INFO scheduler Scheduled Job Start: frappe.model.utils.link_count.update_link_count for wema
2023-05-03 18:01:08,292 INFO scheduler Scheduled Job Complete: frappe.model.utils.link_count.update_link_count for wema
2023-05-03 18:01:08,426 INFO scheduler Scheduled Job Start: frappe.monitor.flush for wema
2023-05-03 18:01:08,574 INFO scheduler Scheduled Job Complete: frappe.monitor.flush for wema
2023-05-03 18:01:08,670 INFO scheduler Scheduled Job Start: frappe.utils.global_search.sync_global_search for wema
2023-05-03 18:01:08,812 INFO scheduler Scheduled Job Complete: frappe.utils.global_search.sync_global_search for wema
2023-05-03 18:01:08,913 INFO scheduler Scheduled Job Start: frappe.integrations.doctype.razorpay_settings.razorpay_settings.capture_payment for wema
2023-05-03 18:01:09,154 INFO scheduler Scheduled Job Complete: frappe.integrations.doctype.razorpay_settings.razorpay_settings.capture_payment for wema
2023-05-03 18:01:09,226 INFO scheduler Scheduled Job Start: frappe.email.doctype.email_account.email_account.notify_unreplied for wema
2023-05-03 18:01:09,505 INFO scheduler Scheduled Job Complete: frappe.email.doctype.email_account.email_account.notify_unreplied for wema
2023-05-03 18:01:09,578 INFO scheduler Scheduled Job Start: frappe.email.doctype.email_account.email_account.pull for wema
2023-05-03 18:01:09,821 INFO scheduler Scheduled Job Complete: frappe.email.doctype.email_account.email_account.pull for wema
2023-05-03 18:01:09,885 INFO scheduler Scheduled Job Start: frappe.email.queue.flush for wema
2023-05-03 18:01:10,048 INFO scheduler Scheduled Job Complete: frappe.email.queue.flush for wema
2023-05-03 18:01:10,118 INFO scheduler Scheduled Job Start: frappe.twofactor.delete_all_barcodes_for_users for wema
2023-05-03 18:01:10,428 INFO scheduler Scheduled Job Complete: frappe.twofactor.delete_all_barcodes_for_users for wema
2023-05-03 18:01:10,523 INFO scheduler Scheduled Job Start: frappe.website.doctype.web_page.web_page.check_publish_status for wema
2023-05-03 18:01:10,882 INFO scheduler Scheduled Job Complete: frappe.website.doctype.web_page.web_page.check_publish_status for wema
2023-05-03 18:01:10,981 INFO scheduler Scheduled Job Start: frappe.oauth.delete_oauth2_data for wema
2023-05-03 18:01:11,324 INFO scheduler Scheduled Job Complete: frappe.oauth.delete_oauth2_data for wema
2023-05-03 18:01:11,464 INFO scheduler Scheduled Job Start: erpnext.hr.doctype.shift_type.shift_type.process_auto_attendance_for_all_shifts for wema
2023-05-03 18:01:11,819 INFO scheduler Scheduled Job Complete: erpnext.hr.doctype.shift_type.shift_type.process_auto_attendance_for_all_shifts for wema
2023-05-03 18:01:11,920 INFO scheduler Scheduled Job Start: erpnext.stock.doctype.repost_item_valuation.repost_item_valuation.repost_entries for wema
2023-05-03 18:01:12,223 INFO scheduler Scheduled Job Complete: erpnext.stock.doctype.repost_item_valuation.repost_item_valuation.repost_entries for wema
2023-05-03 18:01:12,363 INFO scheduler Scheduled Job Start: erpnext.accounts.doctype.subscription.subscription.process_all for wema
2023-05-03 18:01:12,783 INFO scheduler Scheduled Job Complete: erpnext.accounts.doctype.subscription.subscription.process_all for wema
2023-05-03 18:01:57,947 INFO scheduler Scheduled Job Start: gch_custom.gch_task.cron for wema
2023-05-03 18:01:58,123 DEBUG scheduler Queued events for site wema
2023-05-03 18:01:58,343 INFO scheduler Scheduled Job Complete: gch_custom.gch_task.cron for wema
2023-05-03 18:02:58,465 DEBUG scheduler Queued events for site wema
2023-05-03 18:02:58,527 INFO scheduler Scheduled Job Start: gch_custom.gch_task.cron for wema
2023-05-03 18:02:58,900 INFO scheduler Scheduled Job Complete: gch_custom.gch_task.cron for wema
